2023-03-09T09:12:31+00:00 DEBUG tt4b_product_sync: missing access token for tt4b_product_sync
2023-03-09T09:13:16+00:00 DEBUG Tt4b_Pixel_Class::inject_view_content_event: hit injectViewContentEvent
2023-03-09T09:13:16+00:00 DEBUG Tt4b_Pixel_Class::inject_view_content_event: Missing option "access_token"
2023-03-09T09:13:37+00:00 DEBUG tt4b_product_sync: missing access token for tt4b_product_sync
2023-03-09T09:16:48+00:00 DEBUG tt4b_product_sync: missing access token for tt4b_product_sync
2023-03-09T09:22:08+00:00 DEBUG tt4b_product_sync: missing access token for tt4b_product_sync
2023-03-09T09:22:21+00:00 DEBUG Tt4b_Pixel_Class::inject_view_content_event: hit injectViewContentEvent
2023-03-09T09:22:21+00:00 DEBUG Tt4b_Pixel_Class::inject_view_content_event: Missing option "access_token"
2023-03-09T09:23:01+00:00 DEBUG Tt4b_Pixel_Class::inject_view_content_event: hit injectViewContentEvent
2023-03-09T09:23:01+00:00 DEBUG Tt4b_Pixel_Class::inject_view_content_event: Missing option "access_token"
2023-03-09T09:27:05+00:00 DEBUG tt4b_product_sync: missing access token for tt4b_product_sync
2023-03-09T09:28:14+00:00 DEBUG Tt4b_Pixel_Class::inject_view_content_event: hit injectViewContentEvent
2023-03-09T09:28:14+00:00 DEBUG Tt4b_Pixel_Class::inject_view_content_event: Missing option "access_token"
2023-03-09T09:28:33+00:00 DEBUG Tt4b_Pixel_Class::inject_add_to_cart_event: hit injectAddToCartEvent
2023-03-09T09:28:33+00:00 DEBUG Tt4b_Pixel_Class::inject_add_to_cart_event: Missing option "access_token"
2023-03-09T09:28:33+00:00 DEBUG Tt4b_Pixel_Class::inject_view_content_event: hit injectViewContentEvent
2023-03-09T09:28:33+00:00 DEBUG Tt4b_Pixel_Class::inject_view_content_event: Missing option "access_token"
2023-03-09T09:34:14+00:00 DEBUG tt4b_product_sync: missing access token for tt4b_product_sync
2023-03-09T10:10:11+00:00 DEBUG Tt4b_Pixel_Class::inject_start_checkout: hit injectStartCheckout
2023-03-09T10:10:11+00:00 DEBUG Tt4b_Pixel_Class::inject_start_checkout: Missing option "access_token"
2023-03-09T10:11:44+00:00 DEBUG Tt4b_Pixel_Class::inject_purchase_event: hit injectPurchaseEvent
2023-03-09T10:11:44+00:00 DEBUG Tt4b_Pixel_Class::inject_purchase_event: Missing option "access_token"
